2025-10-03 18:33:53,851 - __main__ - INFO - Starting Kahoot-style Quiz Game API server...
2025-10-03 18:33:53,851 - __main__ - INFO - Environment: Production
2025-10-03 18:33:53,851 - __main__ - INFO - Server will run on 0.0.0.0:8000
2025-10-03 18:33:55,168 - __main__ - ERROR - Failed to start server: No module named 'websocket_manager'
2025-10-03 18:33:55,169 - __main__ - ERROR - Server error: No module named 'websocket_manager'
2025-10-03 18:33:55,169 - __main__ - INFO - Server stopped
2025-10-03 18:33:55,169 - __main__ - ERROR - Application failed: No module named 'websocket_manager'
2025-10-03 18:42:34,142 - __main__ - INFO - Starting Kahoot-style Quiz Game API server...
2025-10-03 18:42:34,143 - __main__ - INFO - Environment: Production
2025-10-03 18:42:34,143 - __main__ - INFO - Server will run on 0.0.0.0:8000
2025-10-03 18:42:34,966 - app - INFO - Starting up Kahoot-style Quiz Game API
2025-10-03 18:46:01,032 - app - INFO - Shutting down
2025-10-03 18:46:01,039 - __main__ - INFO - Server stopped
2025-10-04 01:35:31,125 - __main__ - INFO - Starting Kahoot-style Quiz Game API server...
2025-10-04 01:35:31,125 - __main__ - INFO - Environment: Production
2025-10-04 01:35:31,125 - __main__ - INFO - Server will run on 0.0.0.0:8000
2025-10-04 01:35:33,082 - app - INFO - Starting up Kahoot-style Quiz Game API
2025-10-04 01:35:49,734 - app - INFO - Shutting down
2025-10-04 01:35:49,759 - __main__ - INFO - Server stopped
2025-10-04 01:37:59,563 - __main__ - INFO - Starting Kahoot-style Quiz Game API server...
2025-10-04 01:37:59,567 - __main__ - INFO - Environment: Production
2025-10-04 01:37:59,569 - __main__ - INFO - Server will run on 0.0.0.0:8000
2025-10-04 01:38:01,177 - app - INFO - Starting up Kahoot-style Quiz Game API
2025-10-04 01:40:03,199 - app - INFO - Shutting down
2025-10-04 01:40:03,230 - __main__ - INFO - Server stopped
2025-10-04 01:45:35,031 - __main__ - INFO - Starting Kahoot-style Quiz Game API server...
2025-10-04 01:45:35,031 - __main__ - INFO - Environment: Production
2025-10-04 01:45:35,031 - __main__ - INFO - Server will run on 0.0.0.0:8000
2025-10-04 01:45:36,897 - app - INFO - Starting up Kahoot-style Quiz Game API
2025-10-04 01:45:44,144 - app - INFO - Shutting down
2025-10-04 01:45:44,182 - __main__ - INFO - Server stopped
2025-10-04 01:48:41,593 - __main__ - INFO - Starting Kahoot-style Quiz Game API server...
2025-10-04 01:48:41,596 - __main__ - INFO - Environment: Production
2025-10-04 01:48:41,596 - __main__ - INFO - Server will run on 0.0.0.0:8000
2025-10-04 01:48:43,211 - app - INFO - Starting up Kahoot-style Quiz Game API
2025-10-04 01:48:48,911 - app - INFO - Shutting down
2025-10-04 01:48:48,945 - __main__ - INFO - Server stopped
2025-10-04 01:51:23,925 - __main__ - INFO - Starting Kahoot-style Quiz Game API server...
2025-10-04 01:51:23,925 - __main__ - INFO - Environment: Production
2025-10-04 01:51:23,925 - __main__ - INFO - Server will run on 0.0.0.0:8000
2025-10-04 01:51:25,352 - app - INFO - Starting up Kahoot-style Quiz Game API
2025-10-04 01:51:28,025 - app - INFO - Shutting down
2025-10-04 01:51:28,060 - __main__ - INFO - Server stopped
2025-10-04 10:03:10,111 - __main__ - INFO - Starting Kahoot-style Quiz Game API server...
2025-10-04 10:03:10,112 - __main__ - INFO - Environment: Production
2025-10-04 10:03:10,112 - __main__ - INFO - Server will run on 0.0.0.0:8000
2025-10-04 10:03:12,112 - app - INFO - Starting up Kahoot-style Quiz Game API
2025-10-04 10:03:21,246 - app - INFO - Shutting down
2025-10-04 10:03:21,261 - __main__ - INFO - Server stopped
2025-10-04 10:04:19,427 - __main__ - INFO - Starting Kahoot-style Quiz Game API server...
2025-10-04 10:04:19,427 - __main__ - INFO - Environment: Production
2025-10-04 10:04:19,443 - __main__ - INFO - Server will run on 0.0.0.0:8000
2025-10-04 10:04:20,860 - app - INFO - Starting up Kahoot-style Quiz Game API
2025-10-04 10:04:57,792 - app - INFO - Shutting down
2025-10-04 10:04:57,811 - __main__ - INFO - Server stopped
2025-10-04 10:14:22,700 - __main__ - INFO - Starting Kahoot-style Quiz Game API server...
2025-10-04 10:14:22,700 - __main__ - INFO - Environment: Production
2025-10-04 10:14:22,700 - __main__ - INFO - Server will run on 0.0.0.0:8000
2025-10-04 10:14:24,317 - app - INFO - Starting up Kahoot-style Quiz Game API
2025-10-04 10:14:26,612 - app - INFO - Shutting down
2025-10-04 10:14:26,634 - __main__ - INFO - Server stopped
2025-10-04 10:15:15,183 - __main__ - INFO - Starting Kahoot-style Quiz Game API server...
2025-10-04 10:15:15,183 - __main__ - INFO - Environment: Production
2025-10-04 10:15:15,183 - __main__ - INFO - Server will run on 0.0.0.0:8000
2025-10-04 10:15:16,633 - app - INFO - Starting up Kahoot-style Quiz Game API
2025-10-08 18:16:41,290 - __main__ - INFO - Starting Kahoot-style Quiz Game API server...
2025-10-08 18:16:41,291 - __main__ - INFO - Environment: Production
2025-10-08 18:16:41,293 - __main__ - INFO - Server will run on 0.0.0.0:8000
2025-10-08 18:16:44,839 - app - INFO - Starting up Kahoot-style Quiz Game API
2025-10-08 18:25:42,721 - app - INFO - Shutting down
2025-10-08 18:25:50,473 - __main__ - INFO - Server stopped
2025-10-08 18:27:45,881 - __main__ - INFO - Starting Kahoot-style Quiz Game API server...
2025-10-08 18:27:45,881 - __main__ - INFO - Environment: Production
2025-10-08 18:27:45,884 - __main__ - INFO - Server will run on 0.0.0.0:8000
2025-10-08 18:27:47,803 - app - INFO - Starting up Kahoot-style Quiz Game API
2025-10-10 17:58:49,493 - __main__ - INFO - Starting Kahoot-style Quiz Game API server...
2025-10-10 17:58:49,494 - __main__ - INFO - Environment: Production
2025-10-10 17:58:49,496 - __main__ - INFO - Server will run on 0.0.0.0:8000
2025-10-10 17:58:52,861 - app - INFO - Starting up Kahoot-style Quiz Game API
2025-10-10 18:46:40,421 - __main__ - INFO - Server stopped
